<?xml version="1.0" encoding="UTF-8"?>
<!-- Generated by org.testng.reporters.JUnitReportReporter -->
<testsuite skipped="0" hostname="DESKTOP-I05JSES" name="org.test.Autotest" tests="1" failures="0" timestamp="22 Aug 2021 08:37:25 GMT" time="8.708" errors="0">
  <testcase name="registeration" time="8.708" classname="org.test.Autotest"/>
</testsuite> <!-- org.test.Autotest -->
